<?xml version="1.0" encoding="UTF-8"?>
<!-- Generated by org.testng.reporters.JUnitReportReporter -->
<testsuite hostname="SSAMAL23" failures="0" tests="1" name="tests.LoginTest" time="5.751" errors="0" timestamp="19 Nov 2022 08:10:53 GMT" skipped="0">
  <testcase classname="tests.LoginTest" name="verifyLoginFeature" time="5.751"/>
</testsuite> <!-- tests.LoginTest -->
