<?xml version="1.0" encoding="UTF-8"?>
<!-- Generated by org.testng.reporters.JUnitReportReporter -->
<testsuite hostname="SSAMAL23" failures="0" tests="1" name="tests.LoginTest" time="6.375" errors="0" timestamp="2022-11-19T13:40:12 IST" skipped="0">
  <testcase classname="tests.LoginTest" name="verifyLoginFeature" time="6.375"/>
  <system-out/>
</testsuite> <!-- tests.LoginTest -->
